<?xml version="1.0" encoding="UTF-8"?>
<!-- Generated by org.testng.reporters.JUnitReportReporter -->
<testsuite skipped="0" hostname="BSNODL-15060" name="com.mystore.testcases.LoginPageTest" tests="1" failures="0" timestamp="2022-04-03T17:44:00 IST" time="22.329" errors="0">
  <testcase name="loginTest" time="22.329" classname="com.mystore.testcases.LoginPageTest"/>
  <system-out/>
</testsuite> <!-- com.mystore.testcases.LoginPageTest -->
