<?xml version="1.0" encoding="UTF-8"?>
<!-- Generated by org.testng.reporters.JUnitReportReporter -->
<testsuite skipped="0" hostname="BSNODL-15060" name="com.mystore.testcases.LoginPageTest" tests="1" failures="0" timestamp="2022-04-02T16:09:17 IST" time="21.834" errors="0">
  <testcase name="loginTest" time="21.834" classname="com.mystore.testcases.LoginPageTest"/>
  <system-out/>
</testsuite> <!-- com.mystore.testcases.LoginPageTest -->
