<?xml version="1.0" encoding="UTF-8"?>
<!-- Generated by org.testng.reporters.JUnitReportReporter -->
<testsuite skipped="0" hostname="BSNODL-15060" name="com.mystore.testcases.SearchResultPageTest" tests="1" failures="0" timestamp="2022-04-03T17:44:00 IST" time="16.044" errors="0">
  <testcase name="productAvailabilityTest" time="16.044" classname="com.mystore.testcases.SearchResultPageTest"/>
  <system-out/>
</testsuite> <!-- com.mystore.testcases.SearchResultPageTest -->
