<?xml version="1.0" encoding="UTF-8"?>
<!-- Generated by org.testng.reporters.JUnitReportReporter -->
<testsuite skipped="0" hostname="BSNODL-15060" name="com.mystore.testcases.IndexPageTest" tests="2" failures="0" timestamp="2022-04-03T17:44:00 IST" time="21.044" errors="0">
  <testcase name="verifyLogo" time="10.480" classname="com.mystore.testcases.IndexPageTest"/>
  <system-out/>
  <testcase name="verifyTitle" time="10.564" classname="com.mystore.testcases.IndexPageTest"/>
  <system-out/>
</testsuite> <!-- com.mystore.testcases.IndexPageTest -->
