<?xml version="1.0" encoding="UTF-8"?>
<!-- Generated by org.testng.reporters.JUnitReportReporter -->
<testsuite skipped="0" hostname="BSNODL-15060" name="com.mystore.testcases.HomePageTest" tests="2" failures="0" timestamp="2022-04-03T17:44:00 IST" time="39.847" errors="0">
  <testcase name="orderHistoryandDetailsTest" time="19.842" classname="com.mystore.testcases.HomePageTest"/>
  <system-out/>
  <testcase name="wishListTest" time="20.005" classname="com.mystore.testcases.HomePageTest"/>
  <system-out/>
</testsuite> <!-- com.mystore.testcases.HomePageTest -->
