<?xml version="1.0" encoding="UTF-8"?>
<!-- Generated by org.testng.reporters.JUnitReportReporter -->
<testsuite skipped="0" hostname="BSNODL-15060" name="com.mystore.testcases.SearchResultPageTest" tests="1" failures="0" timestamp="2022-04-02T15:43:45 IST" time="14.808" errors="0">
  <testcase name="productAvailabilityTest" time="14.808" classname="com.mystore.testcases.SearchResultPageTest"/>
  <system-out/>
</testsuite> <!-- com.mystore.testcases.SearchResultPageTest -->
