<?xml version="1.0" encoding="UTF-8"?>
<!-- Generated by org.testng.reporters.JUnitReportReporter -->
<testsuite skipped="0" hostname="BSNODL-15060" name="com.mystore.testcases.LoginPageTest" tests="1" failures="0" timestamp="2022-04-02T18:04:33 IST" time="18.206" errors="0">
  <testcase name="loginTest" time="18.206" classname="com.mystore.testcases.LoginPageTest"/>
  <system-out/>
</testsuite> <!-- com.mystore.testcases.LoginPageTest -->
